<?xml version="1.0" encoding="windows-1252" standalone="no"?>
<!DOCTYPE log SYSTEM "logger.dtd">
<log>
<record>
  <date>2016-12-10T18:01:39</date>
  <millis>1481389299022</millis>
  <sequence>2515016</sequence>
  <logger>org.atmosphere.cpr.AsyncSupportListenerAdapter</logger>
  <level>FINEST</level>
  <class>org.atmosphere.cpr.AsyncSupportListenerAdapter</class>
  <method>onDestroyed</method>
  <thread>33</thread>
  <message>Destroyed resource AtmosphereResource{
	 uuid=14a168e8-3b26-4751-9280-08f58dd04264,
	 transport=WEBSOCKET,
	 isInScope=true,
	 isResumed=false,
	 isCancelled=false,
	 isSuspended=false,
	 broadcaster=/* size: 1,
	 isClosedByClient=false,
	 isClosedByApplication=false,
	 action=Action{timeout=-1, type=SUSPEND_MESSAGE}} for request AtmosphereRequest{ method=POST contextPath= servletPath= pathInfo=/PUSH requestURI=/PUSH requestURL=http://localhost:8080/PUSH AtmosphereResource UUID=14a168e8-3b26-4751-9280-08f58dd04264 destroyable=false}</message>
</record>
<record>
  <date>2016-12-10T18:01:39</date>
  <millis>1481389299035</millis>
  <sequence>2515017</sequence>
  <logger>org.atmosphere.cache.UUIDBroadcasterCache</logger>
  <level>FINEST</level>
  <class>org.atmosphere.cache.UUIDBroadcasterCache</class>
  <method>addToCache</method>
  <thread>53293777</thread>
  <message>Active clients {14a168e8-3b26-4751-9280-08f58dd04264=1481389298022}</message>
</record>
<record>
  <date>2016-12-10T18:01:39</date>
  <millis>1481389299035</millis>
  <sequence>2515018</sequence>
  <logger>org.atmosphere.cpr.DefaultBroadcaster</logger>
  <level>FINEST</level>
  <class>org.atmosphere.cpr.DefaultBroadcaster</class>
  <method>deliverPush</method>
  <thread>53293777</thread>
  <message>AtmosphereResource 14a168e8-3b26-4751-9280-08f58dd04264 available for for(;;);[{"syncId": 4146, "clientId": 4146, "changes" : [], "state":{}, "types":{"9":"8"}, "hierarchy":{"9":[]}, "rpc" : [["9","com.vaadin.shared.data.DataProviderRpc","setRowData",[0,[{"k":"101626","d":{"1":"0.0","2":"60.94597697669508","3":"b::Coppoch_-2.8316406250000004-70.0::RSI_48.5-16.0#16.0|s::Coppoch_3.9000000000000004-8.0#8.0","4":"-0.46761860731547555","5":"-46.76186073154756","6":"21","7":"19"}},{"k":"101627","d":{"1":"0.0","2":"60.94597697669508","3":"b::Coppoch_-2.8316406250000004-140.0::RSI_48.5-32.0#32.0|s::Coppoch_3.9000000000000004-4.0#4.0","4":"-0.46761860731547555","5":"-46.76186073154756","6":"21","7":"19"}},{"k":"101628","d":{"1":"0.0","2":"60.94597697669508","3":"b::Coppoch_-2.8316406250000004-139.0::RSI_48.5-32.0#32.0|s::Coppoch_3.9000000000000004-4.0#4.0","4":"-0.46761860731547555","5":"-46.76186073154756","6":"21","7":"19"}},{"k":"101629","d":{"1":"0.0","2":"60.94597697669508","3":"b::Coppoch_-2.8322265625000003-139.0::RSI_48.5-33.0#33.0|s::Coppoch_3.9000000000000004-4.0#4.0","4":"-0.46761860731547555","5":"-46.76186073154756","6":"21","7":"19"}},{"k":"101630","d":{"1":"0.0","2":"60.94597697669508","3":"b::Coppoch_-2.8322265625000003-139.0::RSI_48.5-32.0#32.0|s::Coppoch_3.9000000000000004-4.0#4.0","4":"-0.46761860731547555","5":"-46.76186073154756","6":"21","7":"19"}},{"k":"101631","d":{"1":"0.0","2":"60.94597697669508","3":"b::Coppoch_-2.8322265625000003-141.0::RSI_48.5-32.0#32.0|s::Coppoch_3.9000000000000004-4.0#4.0","4":"-0.46761860731547555","5":"-46.76186073154756","6":"21","7":"19"}},{"k":"101632","d":{"1":"0.0","2":"60.94597697669508","3":"b::Coppoch_-2.8316406250000004-156.0::RSI_48.5-36.0#36.0|s::Coppoch_3.9000000000000004-4.0#4.0","4":"-0.46761860731547555","5":"-46.76186073154756","6":"21","7":"19"}},{"k":"101633","d":{"1":"0.0","2":"60.94597697669508","3":"b::Coppoch_-2.8316406250000004-155.0::RSI_48.5-36.0#36.0|s::Coppoch_3.9000000000000004-4.0#4.0","4":"-0.46761860731547555","5":"-46.76186073154756","6":"21","7":"19"}},{"k":"101634","d":{"1":"0.0","2":"60.94597697669508","3":"b::Coppoch_-2.8322265625000003-152.0::RSI_48.5-38.0#38.0|s::Coppoch_3.9000000000000004-4.0#4.0","4":"-0.46761860731547555","5":"-46.76186073154756","6":"21","7":"19"}},{"k":"101635","d":{"1":"0.0","2":"60.94597697669508","3":"b::Coppoch_-2.8322265625000003-155.0::RSI_48.5-37.0#37.0|s::Coppoch_3.9000000000000004-4.0#4.0","4":"-0.46761860731547555","5":"-46.76186073154756","6":"21","7":"19"}},{"k":"101636","d":{"1":"0.0","2":"60.94597697669508","3":"b::Coppoch_-2.8322265625000003-155.0::RSI_48.5-36.0#36.0|s::Coppoch_3.9000000000000004-4.0#4.0","4":"-0.46761860731547555","5":"-46.76186073154756","6":"21","7":"19"}},{"k":"101637","d":{"1":"0.0","2":"60.94597697669508","3":"b::Coppoch_-2.8322265625000003-157.0::RSI_48.5-36.0#36.0|s::Coppoch_3.9000000000000004-4.0#4.0","4":"-0.46761860731547555","5":"-46.76186073154756","6":"21","7":"19"}},{"k":"101638","d":{"1":"0.0","2":"60.94597697669508","3":"b::Coppoch_-2.8316406250000004-158.0::RSI_48.5-36.0#36.0|s::Coppoch_3.9000000000000004-4.0#4.0","4":"-0.46761860731547555","5":"-46.76186073154756","6":"21","7":"19"}},{"k":"101639","d":{"1":"0.0","2":"60.94597697669508","3":"b::Coppoch_-2.8316406250000004-157.0::RSI_48.5-36.0#36.0|s::Coppoch_3.9000000000000004-4.0#4.0","4":"-0.46761860731547555","5":"-46.76186073154756","6":"21","7":"19"}},{"k":"101640","d":{"1":"0.0","2":"60.94597697669508","3":"b::Coppoch_-2.8322265625000003-154.0::RSI_48.5-38.0#38.0|s::Coppoch_3.9000000000000004-4.0#4.0","4":"-0.46761860731547555","5":"-46.76186073154756","6":"21","7":"19"}},{"k":"101641","d":{"1":"0.0","2":"60.94597697669508","3":"b::Coppoch_-2.8322265625000003-157.0::RSI_48.5-37.0#37.0|s::Coppoch_3.9000000000000004-4.0#4.0","4":"-0.46761860731547555","5":"-46.76186073154756","6":"21","7":"19"}},{"k":"101642","d":{"1":"0.0","2":"60.94597697669508","3":"b::Coppoch_-2.8322265625000003-159.0::RSI_48.5-36.0#36.0|s::Coppoch_3.9000000000000004-4.0#4.0","4":"-0.46761860731547555","5":"-46.76186073154756","6":"21","7":"19"}},{"k":"101643","d":{"1":"0.0","2":"60.94597697669508","3":"b::Coppoch_-2.8318359375-158.0::RSI_48.5-36.0#36.0|s::Coppoch_3.9000000000000004-4.0#4.0","4":"-0.46761860731547555","5":"-46.76186073154756","6":"21","7":"19"}},{"k":"101644","d":{"1":"0.0","2":"60.94597697669508","3":"b::Coppoch_-2.8318359375-157.0::RSI_48.5-36.0#36.0|s::Coppoch_3.9000000000000004-4.0#4.0","4":"-0.46761860731547555","5":"-46.76186073154756","6":"21","7":"19"}},{"k":"101645","d":{"1":"0.0","2":"60.94597697669508","3":"b::Coppoch_-2.832421875-154.0::RSI_48.5-38.0#38.0|s::Coppoch_3.9000000000000004-4.0#4.0","4":"-0.46761860731547555","5":"-46.76186073154756","6":"21","7":"19"}},{"k":"101646","d":{"1":"0.0","2":"60.94597697669508","3":"b::Coppoch_-2.8324218750000005-157.0::RSI_48.5-37.0#37.0|s::Coppoch_3.9000000000000004-4.0#4.0","4":"-0.46761860731547555","5":"-46.76186073154756","6":"21","7":"19"}},{"k":"101647","d":{"1":"0.0","2":"60.94597697669508","3":"b::Coppoch_-2.8316406250000004-69.0::RSI_48.5-16.0#16.0|s::Coppoch_3.9000000000000004-8.0#8.0","4":"-0.46761860731547555","5":"-46.76186073154756","6":"21","7":"19"}},{"k":"101648","d":{"1":"0.0","2":"60.94597697669508","3":"b::Coppoch_-2.8316406250000004-138.0::RSI_48.5-32.0#32.0|s::Coppoch_3.9000000000000004-4.0#4.0","4":"-0.46761860731547555","5":"-46.76186073154756","6":"21","7":"19"}},{"k":"101649","d":{"1":"0.0","2":"60.94597697669508","3":"b::Coppoch_-2.8322265625000003-138.0::RSI_48.5-33.0#33.0|s::Coppoch_3.9000000000000004-4.0#4.0","4":"-0.46761860731547555","5":"-46.76186073154756","6":"21","7":"19"}},{"k":"101650","d":{"1":"0.0","2":"60.94597697669508","3":"b::Coppoch_-2.8322265625000003-138.0::RSI_48.5-32.0#32.0|s::Coppoch_3.9000000000000004-4.0#4.0","4":"-0.46761860731547555","5":"-46.76186073154756","6":"21","7":"19"}},{"k":"101651","d":{"1":"0.0","2":"60.94597697669508","3":"b::Coppoch_-2.8322265625000003-140.0::RSI_48.5-32.0#32.0|s::Coppoch_3.9000000000000004-4.0#4.0","4":"-0.46761860731547555","5":"-46.76186073154756","6":"21","7":"19"}},{"k":"101652","d":{"1":"0.0","2":"60.94597697669508","3":"b::Coppoch_-2.8316406250000004-154.0::RSI_48.5-36.0#36.0|s::Coppoch_3.9000000000000004-4.0#4.0","4":"-0.46761860731547555","5":"-46.76186073154756","6":"21","7":"19"}},{"k":"101653","d":{"1":"0.0","2":"60.94597697669508","3":"b::Coppoch_-2.8322265625000003-151.0::RSI_48.5-38.0#38.0|s::Coppoch_3.9000000000000004-4.0#4.0","4":"-0.46761860731547555","5":"-46.76186073154756","6":"21","7":"19"}},{"k":"101654","d":{"1":"0.0","2":"60.94597697669508","3":"b::Coppoch_-2.8322265625000003-154.0::RSI_48.5-37.0#37.0|s::Coppoch_3.9000000000000004-4.0#4.0","4":"-0.46761860731547555","5":"-46.76186073154756","6":"21","7":"19"}},{"k":"101655","d":{"1":"0.0","2":"60.94597697669508","3":"b::Coppoch_-2.8322265625000003-154.0::RSI_48.5-36.0#36.0|s::Coppoch_3.9000000000000004-4.0#4.0","4":"-0.46761860731547555","5":"-46.76186073154756","6":"21","7":"19"}},{"k":"101656","d":{"1":"0.0","2":"60.94597697669508","3":"b::Coppoch_-2.8322265625000003-156.0::RSI_48.5-36.0#36.0|s::Coppoch_3.9000000000000004-4.0#4.0","4":"-0.46761860731547555","5":"-46.76186073154756","6":"21","7":"19"}},{"k":"101657","d":{"1":"0.0","2":"60.94597697669508","3":"b::Coppoch_-2.8322265625000003-153.0::RSI_48.5-38.0#38.0|s::Coppoch_3.9000000000000004-4.0#4.0","4":"-0.46761860731547555","5":"-46.76186073154756","6":"21","7":"19"}},{"k":"101658","d":{"1":"0.0","2":"60.94597697669508","3":"b::Coppoch_-2.8322265625000003-156.0::RSI_48.5-37.0#37.0|s::Coppoch_3.9000000000000004-4.0#4.0","4":"-0.46761860731547555","5":"-46.76186073154756","6":"21","7":"19"}},{"k":"101659","d":{"1":"0.0","2":"60.94597697669508","3":"b::Coppoch_-2.8322265625000003-158.0::RSI_48.5-36.0#36.0|s::Coppoch_3.9000000000000004-4.0#4.0","4":"-0.46761860731547555","5":"-46.76186073154756","6":"21","7":"19"}},{"k":"101660","d":{"1":"0.0","2":"60.94597697669508","3":"b::Coppoch_-2.8318359375-156.0::RSI_48.5-36.0#36.0|s::Coppoch_3.9000000000000004-4.0#4.0","4":"-0.46761860731547555","5":"-46.76186073154756","6":"21","7":"19"}},{"k":"101661","d":{"1":"0.0","2":"60.94597697669508","3":"b::Coppoch_-2.832421875-153.0::RSI_48.5-38.0#38.0|s::Coppoch_3.9000000000000004-4.0#4.0","4":"-0.46761860731547555","5":"-46.76186073154756","6":"21","7":"19"}},{"k":"101662","d":{"1":"0.0","2":"60.94597697669508","3":"b::Coppoch_-2.8324218750000005-156.0::RSI_48.5-37.0#37.0|s::Coppoch_3.9000000000000004-4.0#4.0","4":"-0.46761860731547555","5":"-46.76186073154756","6":"21","7":"19"}},{"k":"101663","d":{"1":"0.0","2":"60.94597697669508","3":"b::Coppoch_-2.8328125-69.0::RSI_48.5-17.0#17.0|s::Coppoch_3.9000000000000004-8.0#8.0","4":"-0.46761860731547555","5":"-46.76186073154756","6":"21","7":"19"}},{"k":"101664","d":{"1":"0.0","2":"60.94597697669508","3":"b::Coppoch_-2.8328125-138.0::RSI_48.5-34.0#34.0|s::Coppoch_3.9000000000000004-4.0#4.0","4":"-0.46761860731547555","5":"-46.76186073154756","6":"21","7":"19"}},{"k":"101665","d":{"1":"0.0","2":"60.94597697669508","3":"b::Coppoch_-2.8328125-138.0::RSI_48.5-33.0#33.0|s::Coppoch_3.9000000000000004-4.0#4.0","4":"-0.46761860731547555","5":"-46.76186073154756","6":"21","7":"19"}},{"k":"101666","d":{"1":"0.0","2":"60.94597697669508","3":"b::Coppoch_-2.8328125-140.0::RSI_48.5-33.0#33.0|s::Coppoch_3.9000000000000004-4.0#4.0","4":"-0.46761860731547555","5":"-46.76186073154756","6":"21","7":"19"}},{"k":"101667","d":{"1":"0.0","2":"60.94597697669508","3":"b::Coppoch_-2.8328125-151.0::RSI_48.5-39.0#39.0|s::Coppoch_3.9000000000000004-4.0#4.0","4":"-0.46761860731547555","5":"-46.76186073154756","6":"21","7":"19"}},{"k":"101668","d":{"1":"0.0","2":"60.94597697669508","3":"b::Coppoch_-2.8328125-154.0::RSI_48.5-38.0#38.0|s::Coppoch_3.9000000000000004-4.0#4.0","4":"-0.46761860731547555","5":"-46.76186073154756","6":"21","7":"19"}},{"k":"101669","d":{"1":"0.0","2":"60.94597697669508","3":"b::Coppoch_-2.8328125-154.0::RSI_48.5-37.0#37.0|s::Coppoch_3.9000000000000004-4.0#4.0","4":"-0.46761860731547555","5":"-46.76186073154756","6":"21","7":"19"}},{"k":"101670","d":{"1":"0.0","2":"60.94597697669508","3":"b::Coppoch_-2.8328125-156.0::RSI_48.5-37.0#37.0|s::Coppoch_3.9000000000000004-4.0#4.0","4":"-0.46761860731547555","5":"-46.76186073154756","6":"21","7":"19"}},{"k":"101671","d":{"1":"0.0","2":"60.94597697669508","3":"b::Coppoch_-2.8328125-153.0::RSI_48.5-39.0#39.0|s::Coppoch_3.9000000000000004-4.0#4.0","4":"-0.46761860731547555","5":"-46.76186073154756","6":"21","7":"19"}},{"k":"101672","d":{"1":"0.0","2":"60.94597697669508","3":"b::Coppoch_-2.8328125-156.0::RSI_48.5-38.0#38.0|s::Coppoch_3.9000000000000004-4.0#4.0","4":"-0.46761860731547555","5":"-46.76186073154756","6":"21","7":"19"}},{"k":"101673","d":{"1":"0.0","2":"60.94597697669508","3":"b::Coppoch_-2.8328125-158.0::RSI_48.5-37.0#37.0|s::Coppoch_3.9000000000000004-4.0#4.0","4":"-0.46761860731547555","5":"-46.76186073154756","6":"21","7":"19"}},{"k":"101674","d":{"1":"0.0","2":"60.94597697669508","3":"b::Coppoch_-2.832421875-157.0::RSI_48.5-37.0#37.0|s::Coppoch_3.9000000000000004-4.0#4.0","4":"-0.46761860731547555","5":"-46.76186073154756","6":"21","7":"19"}},{"k":"101675","d":{"1":"0.0","2":"60.94597697669508","3":"b::Coppoch_-2.832421875-156.0::RSI_48.5-37.0#37.0|s::Coppoch_3.9000000000000004-4.0#4.0","4":"-0.46761860731547555","5":"-46.76186073154756","6":"21","7":"19"}}]]]], "meta" : {}, "resources" : {}, "timings":[33749, 4]}]</message>
</record>
<record>
  <date>2016-12-10T18:01:39</date>
  <millis>1481389299036</millis>
  <sequence>2515019</sequence>
  <logger>org.atmosphere.cpr.DefaultBroadcaster</logger>
  <level>FINEST</level>
  <class>org.atmosphere.cpr.DefaultBroadcaster</class>
  <method>queueWriteIO</method>
  <thread>53293777</thread>
  <message>Broadcaster /* is about to queueWriteIO for AtmosphereResource 14a168e8-3b26-4751-9280-08f58dd04264</message>
</record>
<record>
  <date>2016-12-10T18:01:39</date>
  <millis>1481389299036</millis>
  <sequence>2515020</sequence>
  <logger>org.atmosphere.cpr.DefaultBroadcaster</logger>
  <level>FINEST</level>
  <class>org.atmosphere.cpr.DefaultBroadcaster$3</class>
  <method>run</method>
  <thread>54706886</thread>
  <message>About to write to AtmosphereResource{
	 uuid=14a168e8-3b26-4751-9280-08f58dd04264,
	 transport=WEBSOCKET,
	 isInScope=true,
	 isResumed=false,
	 isCancelled=false,
	 isSuspended=true,
	 broadcaster=/* size: 1,
	 isClosedByClient=false,
	 isClosedByApplication=false,
	 action=Action{timeout=-1, type=SUSPEND}}</message>
</record>
<record>
  <date>2016-12-10T18:01:39</date>
  <millis>1481389299036</millis>
  <sequence>2515021</sequence>
  <logger>org.atmosphere.cache.UUIDBroadcasterCache</logger>
  <level>FINEST</level>
  <class>org.atmosphere.cache.UUIDBroadcasterCache</class>
  <method>clearCache</method>
  <thread>54706886</thread>
  <message>Removing for AtmosphereResource 14a168e8-3b26-4751-9280-08f58dd04264 cached message for(;;);[{"syncId": 4146, "clientId": 4146, "changes" : [], "state":{}, "types":{"9":"8"}, "hierarchy":{"9":[]}, "rpc" : [["9","com.vaadin.shared.data.DataProviderRpc","setRowData",[0,[{"k":"101626","d":{"1":"0.0","2":"60.94597697669508","3":"b::Coppoch_-2.8316406250000004-70.0::RSI_48.5-16.0#16.0|s::Coppoch_3.9000000000000004-8.0#8.0","4":"-0.46761860731547555","5":"-46.76186073154756","6":"21","7":"19"}},{"k":"101627","d":{"1":"0.0","2":"60.94597697669508","3":"b::Coppoch_-2.8316406250000004-140.0::RSI_48.5-32.0#32.0|s::Coppoch_3.9000000000000004-4.0#4.0","4":"-0.46761860731547555","5":"-46.76186073154756","6":"21","7":"19"}},{"k":"101628","d":{"1":"0.0","2":"60.94597697669508","3":"b::Coppoch_-2.8316406250000004-139.0::RSI_48.5-32.0#32.0|s::Coppoch_3.9000000000000004-4.0#4.0","4":"-0.46761860731547555","5":"-46.76186073154756","6":"21","7":"19"}},{"k":"101629","d":{"1":"0.0","2":"60.94597697669508","3":"b::Coppoch_-2.8322265625000003-139.0::RSI_48.5-33.0#33.0|s::Coppoch_3.9000000000000004-4.0#4.0","4":"-0.46761860731547555","5":"-46.76186073154756","6":"21","7":"19"}},{"k":"101630","d":{"1":"0.0","2":"60.94597697669508","3":"b::Coppoch_-2.8322265625000003-139.0::RSI_48.5-32.0#32.0|s::Coppoch_3.9000000000000004-4.0#4.0","4":"-0.46761860731547555","5":"-46.76186073154756","6":"21","7":"19"}},{"k":"101631","d":{"1":"0.0","2":"60.94597697669508","3":"b::Coppoch_-2.8322265625000003-141.0::RSI_48.5-32.0#32.0|s::Coppoch_3.9000000000000004-4.0#4.0","4":"-0.46761860731547555","5":"-46.76186073154756","6":"21","7":"19"}},{"k":"101632","d":{"1":"0.0","2":"60.94597697669508","3":"b::Coppoch_-2.8316406250000004-156.0::RSI_48.5-36.0#36.0|s::Coppoch_3.9000000000000004-4.0#4.0","4":"-0.46761860731547555","5":"-46.76186073154756","6":"21","7":"19"}},{"k":"101633","d":{"1":"0.0","2":"60.94597697669508","3":"b::Coppoch_-2.8316406250000004-155.0::RSI_48.5-36.0#36.0|s::Coppoch_3.9000000000000004-4.0#4.0","4":"-0.46761860731547555","5":"-46.76186073154756","6":"21","7":"19"}},{"k":"101634","d":{"1":"0.0","2":"60.94597697669508","3":"b::Coppoch_-2.8322265625000003-152.0::RSI_48.5-38.0#38.0|s::Coppoch_3.9000000000000004-4.0#4.0","4":"-0.46761860731547555","5":"-46.76186073154756","6":"21","7":"19"}},{"k":"101635","d":{"1":"0.0","2":"60.94597697669508","3":"b::Coppoch_-2.8322265625000003-155.0::RSI_48.5-37.0#37.0|s::Coppoch_3.9000000000000004-4.0#4.0","4":"-0.46761860731547555","5":"-46.76186073154756","6":"21","7":"19"}},{"k":"101636","d":{"1":"0.0","2":"60.94597697669508","3":"b::Coppoch_-2.8322265625000003-155.0::RSI_48.5-36.0#36.0|s::Coppoch_3.9000000000000004-4.0#4.0","4":"-0.46761860731547555","5":"-46.76186073154756","6":"21","7":"19"}},{"k":"101637","d":{"1":"0.0","2":"60.94597697669508","3":"b::Coppoch_-2.8322265625000003-157.0::RSI_48.5-36.0#36.0|s::Coppoch_3.9000000000000004-4.0#4.0","4":"-0.46761860731547555","5":"-46.76186073154756","6":"21","7":"19"}},{"k":"101638","d":{"1":"0.0","2":"60.94597697669508","3":"b::Coppoch_-2.8316406250000004-158.0::RSI_48.5-36.0#36.0|s::Coppoch_3.9000000000000004-4.0#4.0","4":"-0.46761860731547555","5":"-46.76186073154756","6":"21","7":"19"}},{"k":"101639","d":{"1":"0.0","2":"60.94597697669508","3":"b::Coppoch_-2.8316406250000004-157.0::RSI_48.5-36.0#36.0|s::Coppoch_3.9000000000000004-4.0#4.0","4":"-0.46761860731547555","5":"-46.76186073154756","6":"21","7":"19"}},{"k":"101640","d":{"1":"0.0","2":"60.94597697669508","3":"b::Coppoch_-2.8322265625000003-154.0::RSI_48.5-38.0#38.0|s::Coppoch_3.9000000000000004-4.0#4.0","4":"-0.46761860731547555","5":"-46.76186073154756","6":"21","7":"19"}},{"k":"101641","d":{"1":"0.0","2":"60.94597697669508","3":"b::Coppoch_-2.8322265625000003-157.0::RSI_48.5-37.0#37.0|s::Coppoch_3.9000000000000004-4.0#4.0","4":"-0.46761860731547555","5":"-46.76186073154756","6":"21","7":"19"}},{"k":"101642","d":{"1":"0.0","2":"60.94597697669508","3":"b::Coppoch_-2.8322265625000003-159.0::RSI_48.5-36.0#36.0|s::Coppoch_3.9000000000000004-4.0#4.0","4":"-0.46761860731547555","5":"-46.76186073154756","6":"21","7":"19"}},{"k":"101643","d":{"1":"0.0","2":"60.94597697669508","3":"b::Coppoch_-2.8318359375-158.0::RSI_48.5-36.0#36.0|s::Coppoch_3.9000000000000004-4.0#4.0","4":"-0.46761860731547555","5":"-46.76186073154756","6":"21","7":"19"}},{"k":"101644","d":{"1":"0.0","2":"60.94597697669508","3":"b::Coppoch_-2.8318359375-157.0::RSI_48.5-36.0#36.0|s::Coppoch_3.9000000000000004-4.0#4.0","4":"-0.46761860731547555","5":"-46.76186073154756","6":"21","7":"19"}},{"k":"101645","d":{"1":"0.0","2":"60.94597697669508","3":"b::Coppoch_-2.832421875-154.0::RSI_48.5-38.0#38.0|s::Coppoch_3.9000000000000004-4.0#4.0","4":"-0.46761860731547555","5":"-46.76186073154756","6":"21","7":"19"}},{"k":"101646","d":{"1":"0.0","2":"60.94597697669508","3":"b::Coppoch_-2.8324218750000005-157.0::RSI_48.5-37.0#37.0|s::Coppoch_3.9000000000000004-4.0#4.0","4":"-0.46761860731547555","5":"-46.76186073154756","6":"21","7":"19"}},{"k":"101647","d":{"1":"0.0","2":"60.94597697669508","3":"b::Coppoch_-2.8316406250000004-69.0::RSI_48.5-16.0#16.0|s::Coppoch_3.9000000000000004-8.0#8.0","4":"-0.46761860731547555","5":"-46.76186073154756","6":"21","7":"19"}},{"k":"101648","d":{"1":"0.0","2":"60.94597697669508","3":"b::Coppoch_-2.8316406250000004-138.0::RSI_48.5-32.0#32.0|s::Coppoch_3.9000000000000004-4.0#4.0","4":"-0.46761860731547555","5":"-46.76186073154756","6":"21","7":"19"}},{"k":"101649","d":{"1":"0.0","2":"60.94597697669508","3":"b::Coppoch_-2.8322265625000003-138.0::RSI_48.5-33.0#33.0|s::Coppoch_3.9000000000000004-4.0#4.0","4":"-0.46761860731547555","5":"-46.76186073154756","6":"21","7":"19"}},{"k":"101650","d":{"1":"0.0","2":"60.94597697669508","3":"b::Coppoch_-2.8322265625000003-138.0::RSI_48.5-32.0#32.0|s::Coppoch_3.9000000000000004-4.0#4.0","4":"-0.46761860731547555","5":"-46.76186073154756","6":"21","7":"19"}},{"k":"101651","d":{"1":"0.0","2":"60.94597697669508","3":"b::Coppoch_-2.8322265625000003-140.0::RSI_48.5-32.0#32.0|s::Coppoch_3.9000000000000004-4.0#4.0","4":"-0.46761860731547555","5":"-46.76186073154756","6":"21","7":"19"}},{"k":"101652","d":{"1":"0.0","2":"60.94597697669508","3":"b::Coppoch_-2.8316406250000004-154.0::RSI_48.5-36.0#36.0|s::Coppoch_3.9000000000000004-4.0#4.0","4":"-0.46761860731547555","5":"-46.76186073154756","6":"21","7":"19"}},{"k":"101653","d":{"1":"0.0","2":"60.94597697669508","3":"b::Coppoch_-2.8322265625000003-151.0::RSI_48.5-38.0#38.0|s::Coppoch_3.9000000000000004-4.0#4.0","4":"-0.46761860731547555","5":"-46.76186073154756","6":"21","7":"19"}},{"k":"101654","d":{"1":"0.0","2":"60.94597697669508","3":"b::Coppoch_-2.8322265625000003-154.0::RSI_48.5-37.0#37.0|s::Coppoch_3.9000000000000004-4.0#4.0","4":"-0.46761860731547555","5":"-46.76186073154756","6":"21","7":"19"}},{"k":"101655","d":{"1":"0.0","2":"60.94597697669508","3":"b::Coppoch_-2.8322265625000003-154.0::RSI_48.5-36.0#36.0|s::Coppoch_3.9000000000000004-4.0#4.0","4":"-0.46761860731547555","5":"-46.76186073154756","6":"21","7":"19"}},{"k":"101656","d":{"1":"0.0","2":"60.94597697669508","3":"b::Coppoch_-2.8322265625000003-156.0::RSI_48.5-36.0#36.0|s::Coppoch_3.9000000000000004-4.0#4.0","4":"-0.46761860731547555","5":"-46.76186073154756","6":"21","7":"19"}},{"k":"101657","d":{"1":"0.0","2":"60.94597697669508","3":"b::Coppoch_-2.8322265625000003-153.0::RSI_48.5-38.0#38.0|s::Coppoch_3.9000000000000004-4.0#4.0","4":"-0.46761860731547555","5":"-46.76186073154756","6":"21","7":"19"}},{"k":"101658","d":{"1":"0.0","2":"60.94597697669508","3":"b::Coppoch_-2.8322265625000003-156.0::RSI_48.5-37.0#37.0|s::Coppoch_3.9000000000000004-4.0#4.0","4":"-0.46761860731547555","5":"-46.76186073154756","6":"21","7":"19"}},{"k":"101659","d":{"1":"0.0","2":"60.94597697669508","3":"b::Coppoch_-2.8322265625000003-158.0::RSI_48.5-36.0#36.0|s::Coppoch_3.9000000000000004-4.0#4.0","4":"-0.46761860731547555","5":"-46.76186073154756","6":"21","7":"19"}},{"k":"101660","d":{"1":"0.0","2":"60.94597697669508","3":"b::Coppoch_-2.8318359375-156.0::RSI_48.5-36.0#36.0|s::Coppoch_3.9000000000000004-4.0#4.0","4":"-0.46761860731547555","5":"-46.76186073154756","6":"21","7":"19"}},{"k":"101661","d":{"1":"0.0","2":"60.94597697669508","3":"b::Coppoch_-2.832421875-153.0::RSI_48.5-38.0#38.0|s::Coppoch_3.9000000000000004-4.0#4.0","4":"-0.46761860731547555","5":"-46.76186073154756","6":"21","7":"19"}},{"k":"101662","d":{"1":"0.0","2":"60.94597697669508","3":"b::Coppoch_-2.8324218750000005-156.0::RSI_48.5-37.0#37.0|s::Coppoch_3.9000000000000004-4.0#4.0","4":"-0.46761860731547555","5":"-46.76186073154756","6":"21","7":"19"}},{"k":"101663","d":{"1":"0.0","2":"60.94597697669508","3":"b::Coppoch_-2.8328125-69.0::RSI_48.5-17.0#17.0|s::Coppoch_3.9000000000000004-8.0#8.0","4":"-0.46761860731547555","5":"-46.76186073154756","6":"21","7":"19"}},{"k":"101664","d":{"1":"0.0","2":"60.94597697669508","3":"b::Coppoch_-2.8328125-138.0::RSI_48.5-34.0#34.0|s::Coppoch_3.9000000000000004-4.0#4.0","4":"-0.46761860731547555","5":"-46.76186073154756","6":"21","7":"19"}},{"k":"101665","d":{"1":"0.0","2":"60.94597697669508","3":"b::Coppoch_-2.8328125-138.0::RSI_48.5-33.0#33.0|s::Coppoch_3.9000000000000004-4.0#4.0","4":"-0.46761860731547555","5":"-46.76186073154756","6":"21","7":"19"}},{"k":"101666","d":{"1":"0.0","2":"60.94597697669508","3":"b::Coppoch_-2.8328125-140.0::RSI_48.5-33.0#33.0|s::Coppoch_3.9000000000000004-4.0#4.0","4":"-0.46761860731547555","5":"-46.76186073154756","6":"21","7":"19"}},{"k":"101667","d":{"1":"0.0","2":"60.94597697669508","3":"b::Coppoch_-2.8328125-151.0::RSI_48.5-39.0#39.0|s::Coppoch_3.9000000000000004-4.0#4.0","4":"-0.46761860731547555","5":"-46.76186073154756","6":"21","7":"19"}},{"k":"101668","d":{"1":"0.0","2":"60.94597697669508","3":"b::Coppoch_-2.8328125-154.0::RSI_48.5-38.0#38.0|s::Coppoch_3.9000000000000004-4.0#4.0","4":"-0.46761860731547555","5":"-46.76186073154756","6":"21","7":"19"}},{"k":"101669","d":{"1":"0.0","2":"60.94597697669508","3":"b::Coppoch_-2.8328125-154.0::RSI_48.5-37.0#37.0|s::Coppoch_3.9000000000000004-4.0#4.0","4":"-0.46761860731547555","5":"-46.76186073154756","6":"21","7":"19"}},{"k":"101670","d":{"1":"0.0","2":"60.94597697669508","3":"b::Coppoch_-2.8328125-156.0::RSI_48.5-37.0#37.0|s::Coppoch_3.9000000000000004-4.0#4.0","4":"-0.46761860731547555","5":"-46.76186073154756","6":"21","7":"19"}},{"k":"101671","d":{"1":"0.0","2":"60.94597697669508","3":"b::Coppoch_-2.8328125-153.0::RSI_48.5-39.0#39.0|s::Coppoch_3.9000000000000004-4.0#4.0","4":"-0.46761860731547555","5":"-46.76186073154756","6":"21","7":"19"}},{"k":"101672","d":{"1":"0.0","2":"60.94597697669508","3":"b::Coppoch_-2.8328125-156.0::RSI_48.5-38.0#38.0|s::Coppoch_3.9000000000000004-4.0#4.0","4":"-0.46761860731547555","5":"-46.76186073154756","6":"21","7":"19"}},{"k":"101673","d":{"1":"0.0","2":"60.94597697669508","3":"b::Coppoch_-2.8328125-158.0::RSI_48.5-37.0#37.0|s::Coppoch_3.9000000000000004-4.0#4.0","4":"-0.46761860731547555","5":"-46.76186073154756","6":"21","7":"19"}},{"k":"101674","d":{"1":"0.0","2":"60.94597697669508","3":"b::Coppoch_-2.832421875-157.0::RSI_48.5-37.0#37.0|s::Coppoch_3.9000000000000004-4.0#4.0","4":"-0.46761860731547555","5":"-46.76186073154756","6":"21","7":"19"}},{"k":"101675","d":{"1":"0.0","2":"60.94597697669508","3":"b::Coppoch_-2.832421875-156.0::RSI_48.5-37.0#37.0|s::Coppoch_3.9000000000000004-4.0#4.0","4":"-0.46761860731547555","5":"-46.76186073154756","6":"21","7":"19"}}]]]], "meta" : {}, "resources" : {}, "timings":[33749, 4]}]</message>
</record>
<record>
  <date>2016-12-10T18:01:39</date>
  <millis>1481389299037</millis>
  <sequence>2515022</sequence>
  <logger>org.atmosphere.cpr.DefaultBroadcaster</logger>
  <level>FINEST</level>
  <class>org.atmosphere.cpr.DefaultBroadcaster</class>
  <method>invokeOnStateChange</method>
  <thread>54706886</thread>
  <message>/* is broadcasting to 14a168e8-3b26-4751-9280-08f58dd04264</message>
</record>
<record>
  <date>2016-12-10T18:01:39</date>
  <millis>1481389299037</millis>
  <sequence>2515023</sequence>
  <logger>org.atmosphere.websocket.WebSocket</logger>
  <level>FINEST</level>
  <class>org.atmosphere.websocket.WebSocket</class>
  <method>write</method>
  <thread>54706886</thread>
  <message>WebSocket.write() for(;;);[{"syncId": 4146, "clientId": 4146, "changes" : [], "state":{}, "types":{"9":"8"}, "hierarchy":{"9":[]}, "rpc" : [["9","com.vaadin.shared.data.DataProviderRpc","setRowData",[0,[{"k":"101626","d":{"1":"0.0","2":"60.94597697669508","3":"b::Coppoch_-2.8316406250000004-70.0::RSI_48.5-16.0#16.0|s::Coppoch_3.9000000000000004-8.0#8.0","4":"-0.46761860731547555","5":"-46.76186073154756","6":"21","7":"19"}},{"k":"101627","d":{"1":"0.0","2":"60.94597697669508","3":"b::Coppoch_-2.8316406250000004-140.0::RSI_48.5-32.0#32.0|s::Coppoch_3.9000000000000004-4.0#4.0","4":"-0.46761860731547555","5":"-46.76186073154756","6":"21","7":"19"}},{"k":"101628","d":{"1":"0.0","2":"60.94597697669508","3":"b::Coppoch_-2.8316406250000004-139.0::RSI_48.5-32.0#32.0|s::Coppoch_3.9000000000000004-4.0#4.0","4":"-0.46761860731547555","5":"-46.76186073154756","6":"21","7":"19"}},{"k":"101629","d":{"1":"0.0","2":"60.94597697669508","3":"b::Coppoch_-2.8322265625000003-139.0::RSI_48.5-33.0#33.0|s::Coppoch_3.9000000000000004-4.0#4.0","4":"-0.46761860731547555","5":"-46.76186073154756","6":"21","7":"19"}},{"k":"101630","d":{"1":"0.0","2":"60.94597697669508","3":"b::Coppoch_-2.8322265625000003-139.0::RSI_48.5-32.0#32.0|s::Coppoch_3.9000000000000004-4.0#4.0","4":"-0.46761860731547555","5":"-46.76186073154756","6":"21","7":"19"}},{"k":"101631","d":{"1":"0.0","2":"60.94597697669508","3":"b::Coppoch_-2.8322265625000003-141.0::RSI_48.5-32.0#32.0|s::Coppoch_3.9000000000000004-4.0#4.0","4":"-0.46761860731547555","5":"-46.76186073154756","6":"21","7":"19"}},{"k":"101632","d":{"1":"0.0","2":"60.94597697669508","3":"b::Coppoch_-2.8316406250000004-156.0::RSI_48.5-36.0#36.0|s::Coppoch_3.9000000000000004-4.0#4.0","4":"-0.46761860731547555","5":"-46.76186073154756","6":"21","7":"19"}},{"k":"101633","d":{"1":"0.0","2":"60.94597697669508","3":"b::Coppoch_-2.8316406250000004-155.0::RSI_48.5-36.0#36.0|s::Coppoch_3.9000000000000004-4.0#4.0","4":"-0.46761860731547555","5":"-46.76186073154756","6":"21","7":"19"}},{"k":"101634","d":{"1":"0.0","2":"60.94597697669508","3":"b::Coppoch_-2.8322265625000003-152.0::RSI_48.5-38.0#38.0|s::Coppoch_3.9000000000000004-4.0#4.0","4":"-0.46761860731547555","5":"-46.76186073154756","6":"21","7":"19"}},{"k":"101635","d":{"1":"0.0","2":"60.94597697669508","3":"b::Coppoch_-2.8322265625000003-155.0::RSI_48.5-37.0#37.0|s::Coppoch_3.9000000000000004-4.0#4.0","4":"-0.46761860731547555","5":"-46.76186073154756","6":"21","7":"19"}},{"k":"101636","d":{"1":"0.0","2":"60.94597697669508","3":"b::Coppoch_-2.8322265625000003-155.0::RSI_48.5-36.0#36.0|s::Coppoch_3.9000000000000004-4.0#4.0","4":"-0.46761860731547555","5":"-46.76186073154756","6":"21","7":"19"}},{"k":"101637","d":{"1":"0.0","2":"60.94597697669508","3":"b::Coppoch_-2.8322265625000003-157.0::RSI_48.5-36.0#36.0|s::Coppoch_3.9000000000000004-4.0#4.0","4":"-0.46761860731547555","5":"-46.76186073154756","6":"21","7":"19"}},{"k":"101638","d":{"1":"0.0","2":"60.94597697669508","3":"b::Coppoch_-2.8316406250000004-158.0::RSI_48.5-36.0#36.0|s::Coppoch_3.9000000000000004-4.0#4.0","4":"-0.46761860731547555","5":"-46.76186073154756","6":"21","7":"19"}},{"k":"101639","d":{"1":"0.0","2":"60.94597697669508","3":"b::Coppoch_-2.8316406250000004-157.0::RSI_48.5-36.0#36.0|s::Coppoch_3.9000000000000004-4.0#4.0","4":"-0.46761860731547555","5":"-46.76186073154756","6":"21","7":"19"}},{"k":"101640","d":{"1":"0.0","2":"60.94597697669508","3":"b::Coppoch_-2.8322265625000003-154.0::RSI_48.5-38.0#38.0|s::Coppoch_3.9000000000000004-4.0#4.0","4":"-0.46761860731547555","5":"-46.76186073154756","6":"21","7":"19"}},{"k":"101641","d":{"1":"0.0","2":"60.94597697669508","3":"b::Coppoch_-2.8322265625000003-157.0::RSI_48.5-37.0#37.0|s::Coppoch_3.9000000000000004-4.0#4.0","4":"-0.46761860731547555","5":"-46.76186073154756","6":"21","7":"19"}},{"k":"101642","d":{"1":"0.0","2":"60.94597697669508","3":"b::Coppoch_-2.8322265625000003-159.0::RSI_48.5-36.0#36.0|s::Coppoch_3.9000000000000004-4.0#4.0","4":"-0.46761860731547555","5":"-46.76186073154756","6":"21","7":"19"}},{"k":"101643","d":{"1":"0.0","2":"60.94597697669508","3":"b::Coppoch_-2.8318359375-158.0::RSI_48.5-36.0#36.0|s::Coppoch_3.9000000000000004-4.0#4.0","4":"-0.46761860731547555","5":"-46.76186073154756","6":"21","7":"19"}},{"k":"101644","d":{"1":"0.0","2":"60.94597697669508","3":"b::Coppoch_-2.8318359375-157.0::RSI_48.5-36.0#36.0|s::Coppoch_3.9000000000000004-4.0#4.0","4":"-0.46761860731547555","5":"-46.76186073154756","6":"21","7":"19"}},{"k":"101645","d":{"1":"0.0","2":"60.94597697669508","3":"b::Coppoch_-2.832421875-154.0::RSI_48.5-38.0#38.0|s::Coppoch_3.9000000000000004-4.0#4.0","4":"-0.46761860731547555","5":"-46.76186073154756","6":"21","7":"19"}},{"k":"101646","d":{"1":"0.0","2":"60.94597697669508","3":"b::Coppoch_-2.8324218750000005-157.0::RSI_48.5-37.0#37.0|s::Coppoch_3.9000000000000004-4.0#4.0","4":"-0.46761860731547555","5":"-46.76186073154756","6":"21","7":"19"}},{"k":"101647","d":{"1":"0.0","2":"60.94597697669508","3":"b::Coppoch_-2.8316406250000004-69.0::RSI_48.5-16.0#16.0|s::Coppoch_3.9000000000000004-8.0#8.0","4":"-0.46761860731547555","5":"-46.76186073154756","6":"21","7":"19"}},{"k":"101648","d":{"1":"0.0","2":"60.94597697669508","3":"b::Coppoch_-2.8316406250000004-138.0::RSI_48.5-32.0#32.0|s::Coppoch_3.9000000000000004-4.0#4.0","4":"-0.46761860731547555","5":"-46.76186073154756","6":"21","7":"19"}},{"k":"101649","d":{"1":"0.0","2":"60.94597697669508","3":"b::Coppoch_-2.8322265625000003-138.0::RSI_48.5-33.0#33.0|s::Coppoch_3.9000000000000004-4.0#4.0","4":"-0.46761860731547555","5":"-46.76186073154756","6":"21","7":"19"}},{"k":"101650","d":{"1":"0.0","2":"60.94597697669508","3":"b::Coppoch_-2.8322265625000003-138.0::RSI_48.5-32.0#32.0|s::Coppoch_3.9000000000000004-4.0#4.0","4":"-0.46761860731547555","5":"-46.76186073154756","6":"21","7":"19"}},{"k":"101651","d":{"1":"0.0","2":"60.94597697669508","3":"b::Coppoch_-2.8322265625000003-140.0::RSI_48.5-32.0#32.0|s::Coppoch_3.9000000000000004-4.0#4.0","4":"-0.46761860731547555","5":"-46.76186073154756","6":"21","7":"19"}},{"k":"101652","d":{"1":"0.0","2":"60.94597697669508","3":"b::Coppoch_-2.8316406250000004-154.0::RSI_48.5-36.0#36.0|s::Coppoch_3.9000000000000004-4.0#4.0","4":"-0.46761860731547555","5":"-46.76186073154756","6":"21","7":"19"}},{"k":"101653","d":{"1":"0.0","2":"60.94597697669508","3":"b::Coppoch_-2.8322265625000003-151.0::RSI_48.5-38.0#38.0|s::Coppoch_3.9000000000000004-4.0#4.0","4":"-0.46761860731547555","5":"-46.76186073154756","6":"21","7":"19"}},{"k":"101654","d":{"1":"0.0","2":"60.94597697669508","3":"b::Coppoch_-2.8322265625000003-154.0::RSI_48.5-37.0#37.0|s::Coppoch_3.9000000000000004-4.0#4.0","4":"-0.46761860731547555","5":"-46.76186073154756","6":"21","7":"19"}},{"k":"101655","d":{"1":"0.0","2":"60.94597697669508","3":"b::Coppoch_-2.8322265625000003-154.0::RSI_48.5-36.0#36.0|s::Coppoch_3.9000000000000004-4.0#4.0","4":"-0.46761860731547555","5":"-46.76186073154756","6":"21","7":"19"}},{"k":"101656","d":{"1":"0.0","2":"60.94597697669508","3":"b::Coppoch_-2.8322265625000003-156.0::RSI_48.5-36.0#36.0|s::Coppoch_3.9000000000000004-4.0#4.0","4":"-0.46761860731547555","5":"-46.76186073154756","6":"21","7":"19"}},{"k":"101657","d":{"1":"0.0","2":"60.94597697669508","3":"b::Coppoch_-2.8322265625000003-153.0::RSI_48.5-38.0#38.0|s::Coppoch_3.9000000000000004-4.0#4.0","4":"-0.46761860731547555","5":"-46.76186073154756","6":"21","7":"19"}},{"k":"101658","d":{"1":"0.0","2":"60.94597697669508","3":"b::Coppoch_-2.8322265625000003-156.0::RSI_48.5-37.0#37.0|s::Coppoch_3.9000000000000004-4.0#4.0","4":"-0.46761860731547555","5":"-46.76186073154756","6":"21","7":"19"}},{"k":"101659","d":{"1":"0.0","2":"60.94597697669508","3":"b::Coppoch_-2.8322265625000003-158.0::RSI_48.5-36.0#36.0|s::Coppoch_3.9000000000000004-4.0#4.0","4":"-0.46761860731547555","5":"-46.76186073154756","6":"21","7":"19"}},{"k":"101660","d":{"1":"0.0","2":"60.94597697669508","3":"b::Coppoch_-2.8318359375-156.0::RSI_48.5-36.0#36.0|s::Coppoch_3.9000000000000004-4.0#4.0","4":"-0.46761860731547555","5":"-46.76186073154756","6":"21","7":"19"}},{"k":"101661","d":{"1":"0.0","2":"60.94597697669508","3":"b::Coppoch_-2.832421875-153.0::RSI_48.5-38.0#38.0|s::Coppoch_3.9000000000000004-4.0#4.0","4":"-0.46761860731547555","5":"-46.76186073154756","6":"21","7":"19"}},{"k":"101662","d":{"1":"0.0","2":"60.94597697669508","3":"b::Coppoch_-2.8324218750000005-156.0::RSI_48.5-37.0#37.0|s::Coppoch_3.9000000000000004-4.0#4.0","4":"-0.46761860731547555","5":"-46.76186073154756","6":"21","7":"19"}},{"k":"101663","d":{"1":"0.0","2":"60.94597697669508","3":"b::Coppoch_-2.8328125-69.0::RSI_48.5-17.0#17.0|s::Coppoch_3.9000000000000004-8.0#8.0","4":"-0.46761860731547555","5":"-46.76186073154756","6":"21","7":"19"}},{"k":"101664","d":{"1":"0.0","2":"60.94597697669508","3":"b::Coppoch_-2.8328125-138.0::RSI_48.5-34.0#34.0|s::Coppoch_3.9000000000000004-4.0#4.0","4":"-0.46761860731547555","5":"-46.76186073154756","6":"21","7":"19"}},{"k":"101665","d":{"1":"0.0","2":"60.94597697669508","3":"b::Coppoch_-2.8328125-138.0::RSI_48.5-33.0#33.0|s::Coppoch_3.9000000000000004-4.0#4.0","4":"-0.46761860731547555","5":"-46.76186073154756","6":"21","7":"19"}},{"k":"101666","d":{"1":"0.0","2":"60.94597697669508","3":"b::Coppoch_-2.8328125-140.0::RSI_48.5-33.0#33.0|s::Coppoch_3.9000000000000004-4.0#4.0","4":"-0.46761860731547555","5":"-46.76186073154756","6":"21","7":"19"}},{"k":"101667","d":{"1":"0.0","2":"60.94597697669508","3":"b::Coppoch_-2.8328125-151.0::RSI_48.5-39.0#39.0|s::Coppoch_3.9000000000000004-4.0#4.0","4":"-0.46761860731547555","5":"-46.76186073154756","6":"21","7":"19"}},{"k":"101668","d":{"1":"0.0","2":"60.94597697669508","3":"b::Coppoch_-2.8328125-154.0::RSI_48.5-38.0#38.0|s::Coppoch_3.9000000000000004-4.0#4.0","4":"-0.46761860731547555","5":"-46.76186073154756","6":"21","7":"19"}},{"k":"101669","d":{"1":"0.0","2":"60.94597697669508","3":"b::Coppoch_-2.8328125-154.0::RSI_48.5-37.0#37.0|s::Coppoch_3.9000000000000004-4.0#4.0","4":"-0.46761860731547555","5":"-46.76186073154756","6":"21","7":"19"}},{"k":"101670","d":{"1":"0.0","2":"60.94597697669508","3":"b::Coppoch_-2.8328125-156.0::RSI_48.5-37.0#37.0|s::Coppoch_3.9000000000000004-4.0#4.0","4":"-0.46761860731547555","5":"-46.76186073154756","6":"21","7":"19"}},{"k":"101671","d":{"1":"0.0","2":"60.94597697669508","3":"b::Coppoch_-2.8328125-153.0::RSI_48.5-39.0#39.0|s::Coppoch_3.9000000000000004-4.0#4.0","4":"-0.46761860731547555","5":"-46.76186073154756","6":"21","7":"19"}},{"k":"101672","d":{"1":"0.0","2":"60.94597697669508","3":"b::Coppoch_-2.8328125-156.0::RSI_48.5-38.0#38.0|s::Coppoch_3.9000000000000004-4.0#4.0","4":"-0.46761860731547555","5":"-46.76186073154756","6":"21","7":"19"}},{"k":"101673","d":{"1":"0.0","2":"60.94597697669508","3":"b::Coppoch_-2.8328125-158.0::RSI_48.5-37.0#37.0|s::Coppoch_3.9000000000000004-4.0#4.0","4":"-0.46761860731547555","5":"-46.76186073154756","6":"21","7":"19"}},{"k":"101674","d":{"1":"0.0","2":"60.94597697669508","3":"b::Coppoch_-2.832421875-157.0::RSI_48.5-37.0#37.0|s::Coppoch_3.9000000000000004-4.0#4.0","4":"-0.46761860731547555","5":"-46.76186073154756","6":"21","7":"19"}},{"k":"101675","d":{"1":"0.0","2":"60.94597697669508","3":"b::Coppoch_-2.832421875-156.0::RSI_48.5-37.0#37.0|s::Coppoch_3.9000000000000004-4.0#4.0","4":"-0.46761860731547555","5":"-46.76186073154756","6":"21","7":"19"}}]]]], "meta" : {}, "resources" : {}, "timings":[33749, 4]}]</message>
</record>
<record>
  <date>2016-12-10T18:01:39</date>
  <millis>1481389299038</millis>
  <sequence>2515024</sequence>
  <logger>org.atmosphere.cpr.AtmosphereResourceImpl</logger>
  <level>FINEST</level>
  <class>org.atmosphere.cpr.AtmosphereResourceImpl</class>
  <method>notifyListeners</method>
  <thread>54706886</thread>
  <message>Invoking listener [com.vaadin.server.communication.PushAtmosphereHandler$AtmosphereResourceListener@5465987e] for 14a168e8-3b26-4751-9280-08f58dd04264</message>
</record>
<record>
  <date>2016-12-10T18:01:39</date>
  <millis>1481389299038</millis>
  <sequence>2515025</sequence>
  <logger>org.atmosphere.cpr.AtmosphereResourceEventListenerAdapter</logger>
  <level>FINEST</level>
  <class>org.atmosphere.cpr.AtmosphereResourceEventListenerAdapter</class>
  <method>onBroadcast</method>
  <thread>54706886</thread>
  <message>AtmosphereResourceEventImpl{ isCancelled=false isClosedByClient=false isClosedByApplication=false isResumedOnTimeout=false throwable=null resource=null}</message>
</record>
